<?xml version="1.0" encoding="UTF-8"?>
<!-- Generated by org.testng.reporters.JUnitXMLReporter -->
<testsuite hostname="LAPTOP-UT5RV267" ignored="0" name="Test" tests="1" failures="1" timestamp="24 Oct 2018 18:16:17 GMT" time="0.032" errors="0">
  <testcase name="i_go_to_webpage" time="0.008" classname="com.newtour.stepdefinition.LoginTest">
    <failure type="java.lang.NullPointerException">
      <![CDATA[java.lang.NullPointerExceptionat com.newtour.stepdefinition.LoginTest.i_go_to_webpage(LoginTest.java:18)... Removed 25 stack frames]]>
    </failure>
  </testcase> <!-- i_go_to_webpage -->
</testsuite> <!-- Test -->
